<?xml version="1.0" encoding="UTF-8"?>
<!-- Generated by org.testng.reporters.JUnitReportReporter -->
<testsuite hostname="DESKTOP-0CUDCBU" failures="0" tests="1" name="testcases.VerifyLogin" time="10.731" errors="0" timestamp="2024-03-06T13:21:08 IST" skipped="0">
  <testcase classname="testcases.VerifyLogin" name="verifyLogin" time="10.731"/>
</testsuite> <!-- testcases.VerifyLogin -->
