<?xml version="1.0" encoding="UTF-8"?>
<!-- Generated by org.testng.reporters.JUnitReportReporter -->
<testsuite hostname="DESKTOP-0CUDCBU" failures="0" tests="1" name="testcases.VerifyLogin" time="14.961" errors="0" timestamp="2024-03-06T13:13:42 IST" skipped="0">
  <testcase classname="testcases.VerifyLogin" name="verifyLogin" time="14.961"/>
</testsuite> <!-- testcases.VerifyLogin -->
